<?xml version="1.0" encoding="UTF-8"?>
<testng-results skipped="0" failed="0" ignored="0" total="1" passed="1">
  <reporter-output>
  </reporter-output>
  <suite name="Suite1" duration-ms="19330" started-at="2020-07-15T02:08:20Z" finished-at="2020-07-15T02:08:39Z">
    <groups>
      <group name="cucumber">
        <method signature="AbstractTestNGCucumberTests.feature(cucumber.api.testng.CucumberFeatureWrapper)[pri:0, instance:com.oscommercec.runners.TestRunner@45dd4eda]" name="feature" class="cucumber.api.testng.AbstractTestNGCucumberTests"/>
      </group> <!-- cucumber -->
    </groups>
    <test name="Nopackage" duration-ms="19330" started-at="2020-07-15T02:08:20Z" finished-at="2020-07-15T02:08:39Z">
      <class name="com.oscommercec.runners.TestRunner">
        <test-method status="PASS" signature="setUpClass()[pri:0, instance:com.oscommercec.runners.TestRunner@45dd4eda]" name="setUpClass" is-config="true" duration-ms="210" started-at="2020-07-15T02:08:20Z" finished-at="2020-07-15T02:08:20Z">
          <reporter-output>
          </reporter-output>
        </test-method> <!-- setUpClass -->
        <test-method status="PASS" signature="feature(cucumber.api.testng.CucumberFeatureWrapper)[pri:0, instance:com.oscommercec.runners.TestRunner@45dd4eda]" name="feature" duration-ms="19037" started-at="2020-07-15T02:08:20Z" description="Runs Cucumber Feature" data-provider="features" finished-at="2020-07-15T02:08:39Z">
          <params>
            <param index="0">
              <value>
                <![CDATA[search quickfind]]>
              </value>
            </param>
          </params>
          <reporter-output>
          </reporter-output>
        </test-method> <!-- feature -->
        <test-method status="PASS" signature="tearDownClass()[pri:0, instance:com.oscommercec.runners.TestRunner@45dd4eda]" name="tearDownClass" is-config="true" duration-ms="6" started-at="2020-07-15T02:08:39Z" finished-at="2020-07-15T02:08:39Z">
          <reporter-output>
          </reporter-output>
        </test-method> <!-- tearDownClass -->
      </class> <!-- com.oscommercec.runners.TestRunner -->
    </test> <!-- Nopackage -->
  </suite> <!-- Suite1 -->
</testng-results>
